make.exe all --print-data-base --no-builtin-variables --no-builtin-rules --question
make: *** No rule to make target 'all'.  Stop.

# GNU Make 4.3
# Built for Windows32
# Copyright (C) 1988-2020 Free Software Foundation, Inc.
# License GPLv3+: GNU GPL version 3 or later <http://gnu.org/licenses/gpl.html>
# This is free software: you are free to change and redistribute it.
# There is NO WARRANTY, to the extent permitted by law.

# Make data base, printed on Sun Jul 10 08:16:49 2022

# Variables

# environment
SYSTEMDRIVE = C:
# environment
LC_ALL = C
# environment
USERPROFILE = C:\Users\ALL
# environment
DEVECOSTUDIO_VM_OPTIONS = C:\ja-netfilter\vmoptions\devecostudio.vmoptions
# environment
LOCALAPPDATA = C:\Users\ALL\AppData\Local
# environment
VSCODE_CWD = C:\Users\ALL\AppData\Local\Programs\Microsoft VS Code
# environment
CHOCOLATEYINSTALL = C:\ProgramData\chocolatey
# environment
SYSTEMROOT = C:\Windows
# environment
PROCESSOR_LEVEL = 6
# environment
PSMODULEPATH = C:\Program Files\WindowsPowerShell\Modules;C:\Windows\system32\WindowsPowerShell\v1.0\Modules
# default
MAKE_COMMAND := make.exe
# environment
GOPATH = C:\Users\ALL\go
# automatic
@D = $(patsubst %/,%,$(patsubst %\,%,$(dir $@)))
# environment
CHROME_CRASHPAD_PIPE_NAME = \\.\pipe\crashpad_13428_PDEEHRXPKVNCCSAW
# environment
STUDIO_VM_OPTIONS = C:\ja-netfilter\vmoptions\studio.vmoptions
# environment
VSCODE_HANDLES_UNCAUGHT_ERRORS = true
# default
.VARIABLES := 
# automatic
%D = $(patsubst %/,%,$(patsubst %\,%,$(dir $%)))
# automatic
^D = $(patsubst %/,%,$(patsubst %\,%,$(dir $^)))
# automatic
%F = $(notdir $%)
# environment
VSCODE_CODE_CACHE_PATH = C:\Users\ALL\AppData\Roaming\Code\CachedData\92d25e35d9bf1a6b16f7d0758f25d48ace11e5b9
# environment
LANG = C
# default
.LOADED := 
# environment
TMP = C:\Users\ALL\AppData\Local\Temp
# default
.INCLUDE_DIRS = .
# makefile
MAKEFLAGS = pqrR
# environment
GOLAND_VM_OPTIONS = C:\ja-netfilter\vmoptions\goland.vmoptions
# environment
ONEDRIVE = C:\Users\ALL\OneDrive
# makefile
CURDIR := c:/Users/ALL/PLs/C++/proC++
# environment
APPLICATION_INSIGHTS_NO_DIAGNOSTIC_CHANNEL = 1
# automatic
*D = $(patsubst %/,%,$(patsubst %\,%,$(dir $*)))
# environment
PROGRAMFILES = C:\Program Files
# environment
JETBRAINSCLIENT_VM_OPTIONS = C:\ja-netfilter\vmoptions\jetbrainsclient.vmoptions
# environment
MFLAGS = -pqrR
# default
.SHELLFLAGS := -c
# environment
COMMONPROGRAMW6432 = C:\Program Files\Common Files
# environment
G++ = C:\MinGW\bin
# automatic
+D = $(patsubst %/,%,$(patsubst %\,%,$(dir $+)))
# makefile
MAKEFILE_LIST := 
# automatic
@F = $(notdir $@)
# environment
VSCODE_PID = 13428
# environment
CLION = C:\Program Files\JetBrains\CLion 2022.1.2\bin;
# automatic
?D = $(patsubst %/,%,$(patsubst %\,%,$(dir $?)))
# environment
CLION_VM_OPTIONS = C:\ja-netfilter\vmoptions\clion.vmoptions
# automatic
*F = $(notdir $*)
# environment
APPCODE_VM_OPTIONS = C:\ja-netfilter\vmoptions\appcode.vmoptions
# automatic
<D = $(patsubst %/,%,$(patsubst %\,%,$(dir $<)))
# environment
VSCODE_NLS_CONFIG = {"locale":"en-us","availableLanguages":{},"_languagePackSupport":true}
# environment
ONEDRIVECONSUMER = C:\Users\ALL\OneDrive
# default
MAKE_HOST := Windows32
# environment
PROGRAMDATA = C:\ProgramData
# default
SHELL := C:/msys64/usr/bin/sh.exe
# environment
HOMEPATH = \Users\ALL
# default
MAKECMDGOALS := all
# environment
DRIVERDATA = C:\Windows\System32\Drivers\DriverData
# environment
COMSPEC = C:\Windows\system32\cmd.exe
# environment
WINDIR = C:\Windows
# environment
PHPSTORM_VM_OPTIONS = C:\ja-netfilter\vmoptions\phpstorm.vmoptions
# environment
RUBYMINE_VM_OPTIONS = C:\ja-netfilter\vmoptions\rubymine.vmoptions
# environment
MAKELEVEL := 0
# default
MAKE = $(MAKE_COMMAND)
# environment
PATH = C:\Users\ALL\vcpkg\installed\x64-windows\bin;C:\Program Files\Common Files\Oracle\Java\javapath;C:\Program Files\Python310\Scripts\;C:\Program Files\Python310\;C:\Program Files (x86)\Common Files\Oracle\Java\javapath;C:\Users\ALL\.cargo\bin;C:\Program Files\nodejs\;C:\ProgramData\chocolatey\bin;C:\Program Files\Calibre2\;C:\Program Files\Git\cmd;C:\Python310;C:\Program Files\Vim\vim82;C:\Program Files\Go\bin;C:\mingw64\bin;C:\Program Files\CMake\bin;C:\Users\ALL\vcpkg\scripts;C:\WINDOWS\System32\WindowsPowerShell\v1.0\;C:\Users\ALL\AppData\Roaming\Python\Python310\Scripts;C:\Users\ALL\vcpkg\downloads\tools\bazel\4.2.2-windows;C:\msys64\usr\bin;C:\Program Files\Conan\conan;C:\Users\ALL\.cargo\bin;C:\Users\ALL\AppData\Roaming\npm;C:\Users\ALL\AppData\Local\Programs\Microsoft VS Code\bin;C:\tools\neovim\nvim-win64\bin;C:\Program Files\JetBrains\PyCharm Community Edition 2022.1.1\bin;;C:\Users\ALL\go\bin;C:\Program Files\Go\bin;C:\vcpkg;C:\MinGW\bin;C:\msys64\mingw64\bin;;C:\Program Files\JetBrains\CLion 2022.1.2\bin;;C:\Program Files\JetBrains\PyCharm 2022.1.3\bin;
# environment
ZES_ENABLE_SYSMAN = 1
# environment
COMPUTERNAME = DESKTOP-1E4BJE1
# default
MAKEFILES := 
# automatic
^F = $(notdir $^)
# environment
PYCHARM = C:\Program Files\JetBrains\PyCharm 2022.1.3\bin;
# environment
PROMPT = $P$G
# environment
CHOCOLATEYLASTPATHUPDATE = 132969416522017658
# environment
WEBIDE_VM_OPTIONS = C:\ja-netfilter\vmoptions\webide.vmoptions
# environment
PYCHARM_VM_OPTIONS = C:\ja-netfilter\vmoptions\pycharm.vmoptions
# environment
RIDER_VM_OPTIONS = C:\ja-netfilter\vmoptions\rider.vmoptions
# environment
IDEA_VM_OPTIONS = C:\ja-netfilter\vmoptions\idea.vmoptions
# environment
LOGONSERVER = \\DESKTOP-1E4BJE1
# environment
USERNAME = ALL
# environment
COMMONPROGRAMFILES = C:\Program Files\Common Files
# automatic
?F = $(notdir $?)
# environment
PROGRAMW6432 = C:\Program Files
# environment
DATAGRIP_VM_OPTIONS = C:\ja-netfilter\vmoptions\datagrip.vmoptions
# environment
PATHEXT = .COM;.EXE;.BAT;.CMD;.VBS;.VBE;.JS;.JSE;.WSF;.WSH;.MSC;.PY;.PYW
# environment
WEBSTORM_VM_OPTIONS = C:\ja-netfilter\vmoptions\webstorm.vmoptions
# automatic
+F = $(notdir $+)
# environment
ORIGINAL_XDG_CURRENT_DESKTOP = undefined
# environment
USERDOMAIN = DESKTOP-1E4BJE1
# 'override' directive
GNUMAKEFLAGS := 
# environment
OS = Windows_NT
# environment
DATASPELL_VM_OPTIONS = C:\ja-netfilter\vmoptions\dataspell.vmoptions
# makefile
.DEFAULT_GOAL := 
# default
MAKE_VERSION := 4.3
# environment
PROGRAMFILES(X86) = C:\Program Files (x86)
# environment
USERDOMAIN_ROAMINGPROFILE = DESKTOP-1E4BJE1
# environment
NUMBER_OF_PROCESSORS = 12
# environment
PUBLIC = C:\Users\Public
# environment
JETBRAINS_CLIENT_VM_OPTIONS = C:\ja-netfilter\vmoptions\jetbrains_client.vmoptions
# environment
APPDATA = C:\Users\ALL\AppData\Roaming
# environment
HOMEDRIVE = C:
# environment
PROCESSOR_ARCHITECTURE = AMD64
# environment
PYCHARM COMMUNITY EDITION = C:\Program Files\JetBrains\PyCharm Community Edition 2022.1.1\bin;
# environment
VSCODE_AMD_ENTRYPOINT = vs/workbench/api/node/extensionHostProcess
# environment
COMMONPROGRAMFILES(X86) = C:\Program Files (x86)\Common Files
# environment
ELECTRON_RUN_AS_NODE = 1
# environment
TEMP = C:\Users\ALL\AppData\Local\Temp
# environment
VSCODE_IPC_HOOK = \\.\pipe\597f47cdcb7b579d808cd443020155ed-1.69.0-main-sock
# default
.RECIPEPREFIX := 
# automatic
<F = $(notdir $<)
# default
SUFFIXES := 
# environment
ALLUSERSPROFILE = C:\ProgramData
# environment
SESSIONNAME = Console
# default
.FEATURES := target-specific order-only second-expansion else-if shortest-stem undefine oneshell nocomment grouped-target extra-prereqs archives jobserver output-sync load
# environment
PROCESSOR_REVISION = a502
# environment
GATEWAY_VM_OPTIONS = C:\ja-netfilter\vmoptions\gateway.vmoptions
# environment
CHOCOLATEYTOOLSLOCATION = C:\tools
# environment
PROCESSOR_IDENTIFIER = Intel64 Family 6 Model 165 Stepping 2, GenuineIntel
# environment
VCPKG_DEFAULT_TRIPLET = x64-windows
# variable set hash-table stats:
# Load=114/1024=11%, Rehash=0, Collisions=10/137=7%

# Pattern-specific Variable Values

# No pattern-specific variable values.

# Directories

# . (key c:/Users/ALL/PLs/C++/proC++, mtime 1657424807): 9 files, no impossibilities.

# 9 files, no impossibilities in 1 directories.

# Implicit Rules

# No implicit rules.

# Files

# Not a target:
Makefile:
#  Implicit rule search has been done.
#  File does not exist.
#  File has been updated.
#  Failed to be updated.

# Not a target:
.DEFAULT:
#  Implicit rule search has not been done.
#  Modification time never checked.
#  File has not been updated.

# Not a target:
all:
#  Command line target.
#  Implicit rule search has been done.
#  File does not exist.
#  File has not been updated.

# Not a target:
makefile:
#  Implicit rule search has been done.
#  File does not exist.
#  File has been updated.
#  Failed to be updated.

# Not a target:
makefile.mak:
#  Implicit rule search has been done.
#  File does not exist.
#  File has been updated.
#  Failed to be updated.

# Not a target:
GNUmakefile:
#  Implicit rule search has been done.
#  File does not exist.
#  File has been updated.
#  Failed to be updated.

# files hash-table stats:
# Load=7/1024=1%, Rehash=0, Collisions=0/16=0%
# VPATH Search Paths

# No 'vpath' search paths.

# No general ('VPATH' variable) search path.

# strcache buffers: 1 (0) / strings = 16 / storage = 147 B / avg = 9 B
# current buf: size = 8162 B / used = 147 B / count = 16 / avg = 9 B

# strcache performance: lookups = 19 / hit rate = 15%
# hash-table stats:
# Load=16/8192=0%, Rehash=0, Collisions=0/19=0%
# Finished Make data base on Sun Jul 10 08:16:49 2022

 
